 
****************************************
Report : power
        -analysis_effort low
Design : core
Version: U-2022.12
Date   : Thu May 30 16:15:41 2024
****************************************


Library(s) Used:

    fsa0m_a_generic_core_tt1p8v25c (File: /home/raid7_2/user11/r1942133/ICD_Lab/Final_Project/Image-processing-with-edge-computing-3/02_SYN/fsa0m_a_generic_core_tt1p8v25c.db)


Operating Conditions: WCCOM   Library: fsa0m_a_generic_core_ss1p62v125c
Wire Load Model Mode: enclosed

Design        Wire Load Model            Library
------------------------------------------------
core                   G200K             fsa0m_a_generic_core_tt1p8v25c
pe_3                   enG10K            fsa0m_a_generic_core_tt1p8v25c
ml_demodulator         enG30K            fsa0m_a_generic_core_tt1p8v25c
cal_3                  enG5K             fsa0m_a_generic_core_tt1p8v25c
cal_2                  enG5K             fsa0m_a_generic_core_tt1p8v25c
cal_1                  enG5K             fsa0m_a_generic_core_tt1p8v25c
cal_0                  enG5K             fsa0m_a_generic_core_tt1p8v25c
pe_0                   enG10K            fsa0m_a_generic_core_tt1p8v25c
pe_1                   enG10K            fsa0m_a_generic_core_tt1p8v25c
pe_2                   enG10K            fsa0m_a_generic_core_tt1p8v25c


Global Operating Voltage = 1.62 
Power-specific unit information :
    Voltage Units = 1V
    Capacitance Units = 1.000000pf
    Time Units = 1ns
    Dynamic Power Units = 1mW    (derived from V,C,T units)
    Leakage Power Units = 1pW


Attributes
----------
i - Including register clock pin internal power


  Cell Internal Power  =   5.5316 mW   (95%)
  Net Switching Power  = 287.0598 uW    (5%)
                         ---------
Total Dynamic Power    =   5.8187 mW  (100%)

Cell Leakage Power     =   2.3262 uW


                 Internal         Switching           Leakage            Total
Power Group      Power            Power               Power              Power   (   %    )  Attrs
--------------------------------------------------------------------------------------------------
io_pad             0.0000            0.0000            0.0000            0.0000  (   0.00%)
memory             0.0000            0.0000            0.0000            0.0000  (   0.00%)
black_box          0.0000            0.0000            0.0000            0.0000  (   0.00%)
clock_network      5.4681            0.0000            0.0000            5.4681  (  93.94%)  i
register       1.2424e-02        7.2730e-03        4.9425e+05        2.0187e-02  (   0.35%)
sequential         0.0000            0.0000            0.0000            0.0000  (   0.00%)
combinational  5.1083e-02            0.2798        1.8319e+06            0.3327  (   5.72%)
--------------------------------------------------------------------------------------------------
Total              5.5317 mW         0.2871 mW     2.3262e+06 pW         5.8210 mW
1
