
                           Design Compiler Graphical 
                                 DC Ultra (TM)
                                  DFTMAX (TM)
                              Power Compiler (TM)
                                 DesignWare (R)
                                 DC Expert (TM)
                               Design Vision (TM)
                               HDL Compiler (TM)
                               VHDL Compiler (TM)
                                  DFT Compiler
                               Design Compiler(R)

                 Version U-2022.12 for linux64 - Nov 22, 2022 

                    Copyright (c) 1988 - 2022 Synopsys, Inc.
   This software and the associated documentation are proprietary to Synopsys,
 Inc. This software may only be used in accordance with the terms and conditions
 of a written license agreement with Synopsys, Inc. All other use, reproduction,
   or distribution of this software is strictly prohibited.  Licensed Products
     communicate with Synopsys servers for the purpose of providing software
    updates, detecting software piracy and verifying that customers are using
    Licensed Products in conformity with the applicable License Key for such
  Licensed Products. Synopsys will use information gathered in connection with
    this process to deliver software updates and pursue software pirates and
                                   infringers.

 Inclusivity & Diversity - Visit SolvNetPlus to read the "Synopsys Statement on
            Inclusivity and Diversity" (Refer to article 000036315 at
                        https://solvnetplus.synopsys.com)
Initializing...
# Read Design
read_file -format verilog {../01_RTL/core.v, ../01_RTL/pe.v}
Loading db file '/usr/cad/synopsys/synthesis/cur/libraries/syn/dw_foundation.sldb'
Loading db file '/home/raid7_2/user11/r1921084/ICD/final/02_SYN/fsa0m_a_generic_core_tt1p8v25c.db'
Loading db file '/home/raid7_2/user11/r1921084/ICD/final/02_SYN/fsa0m_a_generic_core_ss1p62v125c.db'
Loading db file '/home/raid7_2/user11/r1921084/ICD/final/02_SYN/fsa0m_a_generic_core_ff1p98vm40c.db'
Loading db file '/home/raid7_2/user11/r1921084/ICD/final/02_SYN/fsa0m_a_t33_generic_io_tt1p8v25c.db'
Loading db file '/home/raid7_2/user11/r1921084/ICD/final/02_SYN/fsa0m_a_t33_generic_io_ss1p62v125c.db'
Loading db file '/home/raid7_2/user11/r1921084/ICD/final/02_SYN/fsa0m_a_t33_generic_io_ff1p98vm40c.db'
Loading db file '/usr/cad/synopsys/synthesis/cur/libraries/syn/gtech.db'
Loading db file '/usr/cad/synopsys/synthesis/cur/libraries/syn/standard.sldb'
  Loading link library 'fsa0m_a_generic_core_tt1p8v25c'
  Loading link library 'fsa0m_a_generic_core_ss1p62v125c'
  Loading link library 'fsa0m_a_generic_core_ff1p98vm40c'
  Loading link library 'fsa0m_a_t33_generic_io_tt1p8v25c'
  Loading link library 'fsa0m_a_t33_generic_io_ss1p62v125c'
  Loading link library 'fsa0m_a_t33_generic_io_ff1p98vm40c'
  Loading link library 'gtech'
Loading verilog files: '/home/raid7_2/user11/r1921084/ICD/final/01_RTL/core.v' '/home/raid7_2/user11/r1921084/ICD/final/01_RTL/pe.v' 
Detecting input file type automatically (-rtl or -netlist).
Reading with Presto HDL Compiler (equivalent to -rtl option).
Running PRESTO HDLC
Compiling source file /home/raid7_2/user11/r1921084/ICD/final/01_RTL/core.v
Compiling source file /home/raid7_2/user11/r1921084/ICD/final/01_RTL/pe.v
Warning:  /home/raid7_2/user11/r1921084/ICD/final/01_RTL/core.v:104: unsigned to signed assignment occurs. (VER-318)
Warning:  /home/raid7_2/user11/r1921084/ICD/final/01_RTL/core.v:110: unsigned to signed assignment occurs. (VER-318)
Warning:  /home/raid7_2/user11/r1921084/ICD/final/01_RTL/core.v:116: unsigned to signed assignment occurs. (VER-318)
Warning:  /home/raid7_2/user11/r1921084/ICD/final/01_RTL/core.v:122: unsigned to signed assignment occurs. (VER-318)
Warning:  /home/raid7_2/user11/r1921084/ICD/final/01_RTL/core.v:128: unsigned to signed assignment occurs. (VER-318)
Warning:  /home/raid7_2/user11/r1921084/ICD/final/01_RTL/core.v:134: unsigned to signed assignment occurs. (VER-318)
Warning:  /home/raid7_2/user11/r1921084/ICD/final/01_RTL/core.v:140: unsigned to signed assignment occurs. (VER-318)
Warning:  /home/raid7_2/user11/r1921084/ICD/final/01_RTL/core.v:146: unsigned to signed assignment occurs. (VER-318)
Warning:  /home/raid7_2/user11/r1921084/ICD/final/01_RTL/core.v:194: unsigned to signed assignment occurs. (VER-318)
Warning:  /home/raid7_2/user11/r1921084/ICD/final/01_RTL/core.v:202: unsigned to signed assignment occurs. (VER-318)
Warning:  /home/raid7_2/user11/r1921084/ICD/final/01_RTL/core.v:206: unsigned to signed assignment occurs. (VER-318)
Warning:  /home/raid7_2/user11/r1921084/ICD/final/01_RTL/core.v:210: unsigned to signed assignment occurs. (VER-318)
Warning:  /home/raid7_2/user11/r1921084/ICD/final/01_RTL/core.v:214: unsigned to signed assignment occurs. (VER-318)
Warning:  /home/raid7_2/user11/r1921084/ICD/final/01_RTL/core.v:218: unsigned to signed assignment occurs. (VER-318)
Warning:  /home/raid7_2/user11/r1921084/ICD/final/01_RTL/core.v:222: unsigned to signed assignment occurs. (VER-318)
Warning:  /home/raid7_2/user11/r1921084/ICD/final/01_RTL/core.v:226: unsigned to signed assignment occurs. (VER-318)
Warning:  /home/raid7_2/user11/r1921084/ICD/final/01_RTL/core.v:230: unsigned to signed assignment occurs. (VER-318)
Warning:  /home/raid7_2/user11/r1921084/ICD/final/01_RTL/core.v:242: unsigned to signed assignment occurs. (VER-318)
Warning:  /home/raid7_2/user11/r1921084/ICD/final/01_RTL/core.v:243: unsigned to signed assignment occurs. (VER-318)
Warning:  /home/raid7_2/user11/r1921084/ICD/final/01_RTL/core.v:247: unsigned to signed assignment occurs. (VER-318)
Warning:  /home/raid7_2/user11/r1921084/ICD/final/01_RTL/core.v:248: unsigned to signed assignment occurs. (VER-318)
Warning:  /home/raid7_2/user11/r1921084/ICD/final/01_RTL/core.v:252: unsigned to signed assignment occurs. (VER-318)
Warning:  /home/raid7_2/user11/r1921084/ICD/final/01_RTL/core.v:253: unsigned to signed assignment occurs. (VER-318)
Warning:  /home/raid7_2/user11/r1921084/ICD/final/01_RTL/core.v:257: unsigned to signed assignment occurs. (VER-318)
Warning:  /home/raid7_2/user11/r1921084/ICD/final/01_RTL/core.v:258: unsigned to signed assignment occurs. (VER-318)
Warning:  /home/raid7_2/user11/r1921084/ICD/final/01_RTL/core.v:262: unsigned to signed assignment occurs. (VER-318)
Warning:  /home/raid7_2/user11/r1921084/ICD/final/01_RTL/core.v:263: unsigned to signed assignment occurs. (VER-318)
Warning:  /home/raid7_2/user11/r1921084/ICD/final/01_RTL/core.v:267: unsigned to signed assignment occurs. (VER-318)
Warning:  /home/raid7_2/user11/r1921084/ICD/final/01_RTL/core.v:268: unsigned to signed assignment occurs. (VER-318)
Warning:  /home/raid7_2/user11/r1921084/ICD/final/01_RTL/core.v:272: unsigned to signed assignment occurs. (VER-318)
Warning:  /home/raid7_2/user11/r1921084/ICD/final/01_RTL/core.v:273: unsigned to signed assignment occurs. (VER-318)
Warning:  /home/raid7_2/user11/r1921084/ICD/final/01_RTL/core.v:277: unsigned to signed assignment occurs. (VER-318)
Warning:  /home/raid7_2/user11/r1921084/ICD/final/01_RTL/core.v:278: unsigned to signed assignment occurs. (VER-318)
Warning:  /home/raid7_2/user11/r1921084/ICD/final/01_RTL/core.v:301: unsigned to signed assignment occurs. (VER-318)
Warning:  /home/raid7_2/user11/r1921084/ICD/final/01_RTL/core.v:302: unsigned to signed assignment occurs. (VER-318)
Warning:  /home/raid7_2/user11/r1921084/ICD/final/01_RTL/core.v:308: unsigned to signed assignment occurs. (VER-318)
Warning:  /home/raid7_2/user11/r1921084/ICD/final/01_RTL/core.v:309: unsigned to signed assignment occurs. (VER-318)
Warning:  /home/raid7_2/user11/r1921084/ICD/final/01_RTL/core.v:315: unsigned to signed assignment occurs. (VER-318)
Warning:  /home/raid7_2/user11/r1921084/ICD/final/01_RTL/core.v:316: unsigned to signed assignment occurs. (VER-318)
Warning:  /home/raid7_2/user11/r1921084/ICD/final/01_RTL/core.v:322: unsigned to signed assignment occurs. (VER-318)
Warning:  /home/raid7_2/user11/r1921084/ICD/final/01_RTL/core.v:323: unsigned to signed assignment occurs. (VER-318)
Warning:  /home/raid7_2/user11/r1921084/ICD/final/01_RTL/core.v:329: unsigned to signed assignment occurs. (VER-318)
Warning:  /home/raid7_2/user11/r1921084/ICD/final/01_RTL/core.v:330: unsigned to signed assignment occurs. (VER-318)
Warning:  /home/raid7_2/user11/r1921084/ICD/final/01_RTL/core.v:336: unsigned to signed assignment occurs. (VER-318)
Warning:  /home/raid7_2/user11/r1921084/ICD/final/01_RTL/core.v:337: unsigned to signed assignment occurs. (VER-318)
Warning:  /home/raid7_2/user11/r1921084/ICD/final/01_RTL/core.v:343: unsigned to signed assignment occurs. (VER-318)
Warning:  /home/raid7_2/user11/r1921084/ICD/final/01_RTL/core.v:344: unsigned to signed assignment occurs. (VER-318)
Warning:  /home/raid7_2/user11/r1921084/ICD/final/01_RTL/core.v:350: unsigned to signed assignment occurs. (VER-318)
Warning:  /home/raid7_2/user11/r1921084/ICD/final/01_RTL/core.v:351: unsigned to signed assignment occurs. (VER-318)
Warning:  /home/raid7_2/user11/r1921084/ICD/final/01_RTL/core.v:354: unsigned to signed assignment occurs. (VER-318)
Warning:  /home/raid7_2/user11/r1921084/ICD/final/01_RTL/core.v:357: unsigned to signed assignment occurs. (VER-318)
Warning:  /home/raid7_2/user11/r1921084/ICD/final/01_RTL/core.v:363: unsigned to signed assignment occurs. (VER-318)
Warning:  /home/raid7_2/user11/r1921084/ICD/final/01_RTL/core.v:369: unsigned to signed assignment occurs. (VER-318)
Warning:  /home/raid7_2/user11/r1921084/ICD/final/01_RTL/core.v:385: signed to unsigned part selection occurs. (VER-318)
Warning:  /home/raid7_2/user11/r1921084/ICD/final/01_RTL/core.v:386: signed to unsigned part selection occurs. (VER-318)
Warning:  /home/raid7_2/user11/r1921084/ICD/final/01_RTL/core.v:387: signed to unsigned part selection occurs. (VER-318)

Statistics for case statements in always block at line 156 in file
	'/home/raid7_2/user11/r1921084/ICD/final/01_RTL/core.v'
===============================================
|           Line           |  full/ parallel  |
===============================================
|           191            |     no/auto      |
===============================================

Statistics for case statements in always block at line 419 in file
	'/home/raid7_2/user11/r1921084/ICD/final/01_RTL/core.v'
===============================================
|           Line           |  full/ parallel  |
===============================================
|           430            |     no/auto      |
===============================================

Inferred memory devices in process
	in routine core line 619 in file
		'/home/raid7_2/user11/r1921084/ICD/final/01_RTL/core.v'.
===============================================================================
|    Register Name    |   Type    | Width | Bus | MB | AR | AS | SR | SS | ST |
===============================================================================
|    i_image6_reg     | Flip-flop |  128  |  Y  | N  | Y  | N  | N  | N  | N  |
|    i_image2_reg     | Flip-flop |  128  |  Y  | N  | Y  | N  | N  | N  | N  |
|    data_o_r_reg     | Flip-flop |   8   |  Y  | N  | Y  | N  | N  | N  | N  |
|    o_valid_r_reg    | Flip-flop |   1   |  N  | N  | Y  | N  | N  | N  | N  |
|      state_reg      | Flip-flop |   3   |  Y  | N  | Y  | N  | N  | N  | N  |
|     x_axis_reg      | Flip-flop |   2   |  Y  | N  | Y  | N  | N  | N  | N  |
|     y_axis_reg      | Flip-flop |   2   |  Y  | N  | Y  | N  | N  | N  | N  |
|     x_image_reg     | Flip-flop |   6   |  Y  | N  | Y  | N  | N  | N  | N  |
|     y_image_reg     | Flip-flop |   6   |  Y  | N  | Y  | N  | N  | N  | N  |
|  channel_count_reg  | Flip-flop |   3   |  Y  | N  | Y  | N  | N  | N  | N  |
|  channel_count_reg  | Flip-flop |   1   |  N  | N  | N  | Y  | N  | N  | N  |
|     max_out_reg     | Flip-flop |  23   |  Y  | N  | Y  | N  | N  | N  | N  |
|      layer_reg      | Flip-flop |   6   |  Y  | N  | Y  | N  | N  | N  | N  |
|  linear_count_reg   | Flip-flop |   5   |  Y  | N  | Y  | N  | N  | N  | N  |
|  outcha_count_reg   | Flip-flop |   4   |  Y  | N  | Y  | N  | N  | N  | N  |
|     max_new_reg     | Flip-flop |   4   |  Y  | N  | Y  | N  | N  | N  | N  |
|   max_before_reg    | Flip-flop |   4   |  Y  | N  | Y  | N  | N  | N  | N  |
|     kernel3_reg     | Flip-flop |  72   |  Y  | N  | Y  | N  | N  | N  | N  |
|    i_image7_reg     | Flip-flop |  128  |  Y  | N  | Y  | N  | N  | N  | N  |
|     kernel5_reg     | Flip-flop |  72   |  Y  | N  | Y  | N  | N  | N  | N  |
|     kernel4_reg     | Flip-flop |  72   |  Y  | N  | Y  | N  | N  | N  | N  |
|     kernel8_reg     | Flip-flop |  72   |  Y  | N  | Y  | N  | N  | N  | N  |
|     kernel1_reg     | Flip-flop |  72   |  Y  | N  | Y  | N  | N  | N  | N  |
|     kernel6_reg     | Flip-flop |  72   |  Y  | N  | Y  | N  | N  | N  | N  |
|     kernel2_reg     | Flip-flop |  72   |  Y  | N  | Y  | N  | N  | N  | N  |
|     kernel7_reg     | Flip-flop |  72   |  Y  | N  | Y  | N  | N  | N  | N  |
|    i_image3_reg     | Flip-flop |  128  |  Y  | N  | Y  | N  | N  | N  | N  |
|    i_image5_reg     | Flip-flop |  128  |  Y  | N  | Y  | N  | N  | N  | N  |
|    i_image4_reg     | Flip-flop |  128  |  Y  | N  | Y  | N  | N  | N  | N  |
|    i_image8_reg     | Flip-flop |  128  |  Y  | N  | Y  | N  | N  | N  | N  |
|    i_image1_reg     | Flip-flop |  128  |  Y  | N  | Y  | N  | N  | N  | N  |
===============================================================================
Statistics for MUX_OPs
======================================================
| block name/line  | Inputs | Outputs | # sel inputs |
======================================================
|     core/104     |   4    |   256   |      2       |
|     core/104     |   4    |   320   |      2       |
|     core/104     |   4    |   32    |      2       |
|     core/104     |   4    |   32    |      2       |
|     core/104     |   4    |   32    |      2       |
|     core/104     |   4    |    8    |      2       |
|     core/104     |   4    |   32    |      2       |
|     core/104     |   4    |    8    |      2       |
|     core/104     |   4    |   32    |      2       |
|     core/104     |   4    |    8    |      2       |
|     core/104     |   4    |   32    |      2       |
|     core/104     |   4    |    8    |      2       |
|     core/104     |   4    |   32    |      2       |
|     core/104     |   4    |   32    |      2       |
|     core/104     |   4    |   32    |      2       |
|     core/104     |   4    |    8    |      2       |
|     core/104     |   4    |   32    |      2       |
|     core/104     |   4    |    8    |      2       |
|     core/104     |   4    |   32    |      2       |
|     core/104     |   4    |    8    |      2       |
|     core/104     |   4    |   32    |      2       |
|     core/104     |   4    |    8    |      2       |
|     core/110     |   4    |   32    |      2       |
|     core/110     |   4    |   32    |      2       |
|     core/110     |   4    |   32    |      2       |
|     core/110     |   4    |    8    |      2       |
|     core/110     |   4    |   32    |      2       |
|     core/110     |   4    |    8    |      2       |
|     core/110     |   4    |   32    |      2       |
|     core/110     |   4    |    8    |      2       |
|     core/110     |   4    |   32    |      2       |
|     core/110     |   4    |    8    |      2       |
|     core/110     |   4    |   32    |      2       |
|     core/110     |   4    |   32    |      2       |
|     core/110     |   4    |   32    |      2       |
|     core/110     |   4    |    8    |      2       |
|     core/110     |   4    |   32    |      2       |
|     core/110     |   4    |    8    |      2       |
|     core/110     |   4    |   32    |      2       |
|     core/110     |   4    |    8    |      2       |
|     core/110     |   4    |   32    |      2       |
|     core/110     |   4    |    8    |      2       |
|     core/116     |   4    |   32    |      2       |
|     core/116     |   4    |   32    |      2       |
|     core/116     |   4    |   32    |      2       |
|     core/116     |   4    |    8    |      2       |
|     core/116     |   4    |   32    |      2       |
|     core/116     |   4    |    8    |      2       |
|     core/116     |   4    |   32    |      2       |
|     core/116     |   4    |    8    |      2       |
|     core/116     |   4    |   32    |      2       |
|     core/116     |   4    |    8    |      2       |
|     core/116     |   4    |   32    |      2       |
|     core/116     |   4    |   32    |      2       |
|     core/116     |   4    |   32    |      2       |
|     core/116     |   4    |    8    |      2       |
|     core/116     |   4    |   32    |      2       |
|     core/116     |   4    |    8    |      2       |
|     core/116     |   4    |   32    |      2       |
|     core/116     |   4    |    8    |      2       |
|     core/116     |   4    |   32    |      2       |
|     core/116     |   4    |    8    |      2       |
|     core/122     |   4    |   32    |      2       |
|     core/122     |   4    |   32    |      2       |
|     core/122     |   4    |   32    |      2       |
|     core/122     |   4    |    8    |      2       |
|     core/122     |   4    |   32    |      2       |
|     core/122     |   4    |    8    |      2       |
|     core/122     |   4    |   32    |      2       |
|     core/122     |   4    |    8    |      2       |
|     core/122     |   4    |   32    |      2       |
|     core/122     |   4    |    8    |      2       |
|     core/122     |   4    |   32    |      2       |
|     core/122     |   4    |   32    |      2       |
|     core/122     |   4    |   32    |      2       |
|     core/122     |   4    |    8    |      2       |
|     core/122     |   4    |   32    |      2       |
|     core/122     |   4    |    8    |      2       |
|     core/122     |   4    |   32    |      2       |
|     core/122     |   4    |    8    |      2       |
|     core/122     |   4    |   32    |      2       |
|     core/122     |   4    |    8    |      2       |
|     core/299     |   4    |   32    |      2       |
|     core/300     |   4    |   32    |      2       |
|     core/306     |   4    |   32    |      2       |
|     core/307     |   4    |   32    |      2       |
|     core/313     |   4    |   32    |      2       |
|     core/314     |   4    |   32    |      2       |
|     core/320     |   4    |   32    |      2       |
|     core/321     |   4    |   32    |      2       |
|     core/327     |   4    |   32    |      2       |
|     core/328     |   4    |   32    |      2       |
|     core/334     |   4    |   32    |      2       |
|     core/335     |   4    |   32    |      2       |
|     core/341     |   4    |   32    |      2       |
|     core/342     |   4    |   32    |      2       |
|     core/348     |   4    |   32    |      2       |
|     core/349     |   4    |   32    |      2       |
======================================================
Warning:  /home/raid7_2/user11/r1921084/ICD/final/01_RTL/pe.v:101: signed to unsigned assignment occurs. (VER-318)
Presto compilation completed successfully.
Current design is now '/home/raid7_2/user11/r1921084/ICD/final/01_RTL/core.db:core'
Loaded 2 designs.
Current design is 'core'.
core pe
current_design core
Current design is 'core'.
{core}
uniquify
Information: Uniquified 4 instances of design 'pe'. (OPT-1056)
1
link

  Linking design 'core'
  Using the following designs and libraries:
  --------------------------------------------------------------------------
  dw_foundation.sldb (library) /usr/cad/synopsys/synthesis/cur/libraries/syn/dw_foundation.sldb
  fsa0m_a_generic_core_tt1p8v25c (library) /home/raid7_2/user11/r1921084/ICD/final/02_SYN/fsa0m_a_generic_core_tt1p8v25c.db
  fsa0m_a_generic_core_ss1p62v125c (library) /home/raid7_2/user11/r1921084/ICD/final/02_SYN/fsa0m_a_generic_core_ss1p62v125c.db
  fsa0m_a_generic_core_ff1p98vm40c (library) /home/raid7_2/user11/r1921084/ICD/final/02_SYN/fsa0m_a_generic_core_ff1p98vm40c.db
  fsa0m_a_t33_generic_io_tt1p8v25c (library) /home/raid7_2/user11/r1921084/ICD/final/02_SYN/fsa0m_a_t33_generic_io_tt1p8v25c.db
  fsa0m_a_t33_generic_io_ss1p62v125c (library) /home/raid7_2/user11/r1921084/ICD/final/02_SYN/fsa0m_a_t33_generic_io_ss1p62v125c.db
  fsa0m_a_t33_generic_io_ff1p98vm40c (library) /home/raid7_2/user11/r1921084/ICD/final/02_SYN/fsa0m_a_t33_generic_io_ff1p98vm40c.db

Warning: Unable to resolve reference 'pe_3' in 'core'. (LINK-5)
Warning: Unable to resolve reference 'pe_2' in 'core'. (LINK-5)
Warning: Unable to resolve reference 'pe_1' in 'core'. (LINK-5)
Warning: Unable to resolve reference 'pe_0' in 'core'. (LINK-5)
0
#source -echo -verbose ./your_design.sdc
############in sdc file
# Set the Optimization Constraints 
create_clock -period 40 -name "i_clk" -waveform {0 20} "i_clk"
1
set_dont_touch_network [get_ports i_clk]
1
set_fix_hold [get_clocks i_clk]
1
# Define the design environment
set_clock_uncertainty  0.1  [get_clocks i_clk]
1
set_clock_latency      0.5  [get_clocks i_clk]
1
set_input_delay -max 1 -clock i_clk [all_inputs]
1
set_output_delay -min 0.5 -clock i_clk [all_outputs]
1
set_drive 1  [all_inputs]
1
set_load  10 [all_outputs]
1
set_fix_multiple_port_nets -all -buffer_constants
1
set_operating_conditions -min_library fsa0m_a_generic_core_ff1p98vm40c -min BCCOM -max_library fsa0m_a_generic_core_ss1p62v125c -max WCCOM
Using operating conditions 'WCCOM' found in library 'fsa0m_a_generic_core_ss1p62v125c'.
Using operating conditions 'BCCOM' found in library 'fsa0m_a_generic_core_ff1p98vm40c'.
1
set_wire_load_model -name G200K -library fsa0m_a_generic_core_tt1p8v25c
1
set_max_area 0
1
# set_max_fanout 6 core
set_boundary_optimization {"*"}
1
#############in sdc file
check_design
 
****************************************
check_design summary:
Version:     U-2022.12
Date:        Wed May  1 22:40:59 2024
****************************************

                   Name                                            Total
--------------------------------------------------------------------------------
Cells                                                              22
    Cells do not drive (LINT-1)                                    22
--------------------------------------------------------------------------------

Warning: In design 'core', cell 'B_980' does not drive any nets. (LINT-1)
Warning: In design 'core', cell 'B_981' does not drive any nets. (LINT-1)
Warning: In design 'core', cell 'C39792' does not drive any nets. (LINT-1)
Warning: In design 'core', cell 'C39796' does not drive any nets. (LINT-1)
Warning: In design 'core', cell 'C39800' does not drive any nets. (LINT-1)
Warning: In design 'core', cell 'C39804' does not drive any nets. (LINT-1)
Warning: In design 'core', cell 'C39808' does not drive any nets. (LINT-1)
Warning: In design 'core', cell 'C39812' does not drive any nets. (LINT-1)
Warning: In design 'core', cell 'C39816' does not drive any nets. (LINT-1)
Warning: In design 'core', cell 'C39820' does not drive any nets. (LINT-1)
Warning: In design 'core', cell 'B_982' does not drive any nets. (LINT-1)
Warning: In design 'core', cell 'C39861' does not drive any nets. (LINT-1)
Warning: In design 'core', cell 'C39862' does not drive any nets. (LINT-1)
Warning: In design 'core', cell 'C39869' does not drive any nets. (LINT-1)
Warning: In design 'core', cell 'C39885' does not drive any nets. (LINT-1)
Warning: In design 'core', cell 'C39886' does not drive any nets. (LINT-1)
Warning: In design 'core', cell 'C39894' does not drive any nets. (LINT-1)
Warning: In design 'core', cell 'C39898' does not drive any nets. (LINT-1)
Warning: In design 'core', cell 'C39899' does not drive any nets. (LINT-1)
Warning: In design 'core', cell 'C39918' does not drive any nets. (LINT-1)
Warning: In design 'core', cell 'B_986' does not drive any nets. (LINT-1)
Warning: In design 'core', cell 'C39931' does not drive any nets. (LINT-1)
1
# remove_attribute [find -hierarchy design {"*"}] dont_touch
# Map and Optimize the Design
compile_ultra
Information: Performing power optimization. (PWR-850)
Alib files are up-to-date.
Warning: Ignoring compile_fix_multiple_port_nets = TRUE. (UIO-60)
Information: Evaluating DesignWare library utilization. (UISN-27)

============================================================================
| DesignWare Building Block Library  |         Version         | Available |
============================================================================
| Basic DW Building Blocks           | U-2022.12-DWBB_202212.0 |     *     |
| Licensed DW Building Blocks        | U-2022.12-DWBB_202212.0 |     *     |
============================================================================

====================================================================================================
| Flow Information                                                                                 |
----------------------------------------------------------------------------------------------------
| Flow         | Design Compiler WLM                                                               |
| Comand Line  | compile_ultra                                                                     |
====================================================================================================
| Design Information                                      | Value                                  |
====================================================================================================
| Number of Scenarios                                     | 0                                      |
| Leaf Cell Count                                         | 6453                                   |
| Number of User Hierarchies                              | 4                                      |
| Sequential Cell Count                                   | 1678                                   |
| Macro Count                                             | 0                                      |
| Number of Power Domains                                 | 0                                      |
| Number of Path Groups                                   | 2                                      |
| Number of VT Class                                      | 0                                      |
| Number of Clocks                                        | 1                                      |
| Number of Dont Touch Cells                              | 1829                                   |
| Number of Dont Touch Nets                               | 1                                      |
| Number of Size Only Cells                               | 0                                      |
| Design with UPF Data                                    | false                                  |
----------------------------------------------------------------------------------------------------
| Variables                                               | Value                                  |
----------------------------------------------------------------------------------------------------
| set_fix_multiple_port_nets                              | -all -buffer_constants                 |
====================================================================================================
Information: Sequential output inversion is enabled.  SVF file must be used for formal verification. (OPT-1208)

Information: There are 22 potential problems in your design. Please run 'check_design' for more information. (LINT-99)

  Simplifying Design 'core'

  Loading target library 'fsa0m_a_generic_core_ss1p62v125c'
  Loading target library 'fsa0m_a_generic_core_ff1p98vm40c'
  Loading target library 'fsa0m_a_t33_generic_io_tt1p8v25c'
  Loading target library 'fsa0m_a_t33_generic_io_ss1p62v125c'
  Loading target library 'fsa0m_a_t33_generic_io_ff1p98vm40c'
Loaded alib file './alib-52/fsa0m_a_generic_core_tt1p8v25c.db.alib'
Loaded alib file './alib-52/fsa0m_a_generic_core_ss1p62v125c.db.alib'
Loaded alib file './alib-52/fsa0m_a_generic_core_ff1p98vm40c.db.alib'
Loaded alib file './alib-52/fsa0m_a_t33_generic_io_tt1p8v25c.db.alib' (placeholder)
Loaded alib file './alib-52/fsa0m_a_t33_generic_io_ss1p62v125c.db.alib' (placeholder)
Loaded alib file './alib-52/fsa0m_a_t33_generic_io_ff1p98vm40c.db.alib' (placeholder)
Warning: Operating condition WCCOM set on design core has different process,
voltage and temperatures parameters than the parameters at which target library 
fsa0m_a_generic_core_tt1p8v25c is characterized. Delays may be inaccurate as a result. (OPT-998)
  Building model 'DW01_NAND2'
Information: Ungrouping 0 of 5 hierarchies before Pass 1 (OPT-775)
Information: State dependent leakage is now switched from on to off.

  Beginning Pass 1 Mapping
  ------------------------
  Processing 'core'
Information: Added key list 'DesignWare' to design 'core'. (DDB-72)
Information: The register 'layer_reg[5]' is a constant and will be removed. (OPT-1206)
 Implement Synthetic for 'core'.
  Processing 'pe_0'
 Implement Synthetic for 'pe_0'.

  Updating timing information
Information: Updating design information... (UID-85)
Information: The library cell 'TIE1' in the library 'fsa0m_a_generic_core_tt1p8v25c' is not characterized for internal power. (PWR-536)
Information: The library cell 'TIE0' in the library 'fsa0m_a_generic_core_tt1p8v25c' is not characterized for internal power. (PWR-536)
Information: The library cell 'BHD1' in the library 'fsa0m_a_generic_core_tt1p8v25c' is not characterized for internal power. (PWR-536)
Information: The target library(s) contains cell(s), other than black boxes, that are not characterized for internal power. (PWR-24)
Information: The register 'x_image_reg[0]' is a constant and will be removed. (OPT-1206)
Information: The register 'y_image_reg[0]' is a constant and will be removed. (OPT-1206)

  Beginning Mapping Optimizations  (Ultra High effort)
  -------------------------------
Information: Added key list 'DesignWare' to design 'pe_3'. (DDB-72)
Information: Added key list 'DesignWare' to design 'pe_0'. (DDB-72)
Information: Added key list 'DesignWare' to design 'pe_1'. (DDB-72)
Information: Added key list 'DesignWare' to design 'pe_2'. (DDB-72)
Information: Updating design information... (UID-85)
Information: The wire load model of the parent cell core is different from that of the child cell PE_U1 in the design pe_3. The child cell will not be ungrouped. (OPT-779)
Information: The wire load model of the parent cell core is different from that of the child cell PE_U4 in the design pe_0. The child cell will not be ungrouped. (OPT-779)
Information: The wire load model of the parent cell core is different from that of the child cell PE_U3 in the design pe_1. The child cell will not be ungrouped. (OPT-779)
Information: The wire load model of the parent cell core is different from that of the child cell PE_U2 in the design pe_2. The child cell will not be ungrouped. (OPT-779)
Information: 3 other designs were not ungrouped because of differing wire load models. (OPT-779)
  Mapping Optimization (Phase 1)

                                  TOTAL                                                            
   ELAPSED            WORST NEG   SETUP    DESIGN                              LEAKAGE   MIN DELAY 
    TIME      AREA      SLACK     COST    RULE COST         ENDPOINT            POWER      COST    
  --------- --------- --------- --------- --------- ------------------------- --------- -----------
    0:05:14  663648.2      0.00       0.0   52550.2                           2429629.5000      0.00  
    0:05:16  663601.3      0.00       0.0   52550.2                           2429511.7500      0.00  

  Beginning Constant Register Removal
  -----------------------------------
    0:05:17  663601.3      0.00       0.0   52550.2                           2429511.7500      0.00  
    0:05:19  663601.3      0.00       0.0   52550.2                           2429511.7500      0.00  

  Beginning Global Optimizations
  ------------------------------
  Numerical Synthesis (Phase 1)
  Numerical Synthesis (Phase 2)
  Global Optimization (Phase 1)
  Global Optimization (Phase 2)
  Global Optimization (Phase 3)
  Global Optimization (Phase 4)
  Global Optimization (Phase 5)
  Global Optimization (Phase 6)
  Global Optimization (Phase 7)
  Global Optimization (Phase 8)
  Global Optimization (Phase 9)
  Global Optimization (Phase 10)
  Global Optimization (Phase 11)
  Global Optimization (Phase 12)
  Global Optimization (Phase 13)
  Global Optimization (Phase 14)
  Global Optimization (Phase 15)
  Global Optimization (Phase 16)
  Global Optimization (Phase 17)
  Global Optimization (Phase 18)
  Global Optimization (Phase 19)
  Global Optimization (Phase 20)
  Global Optimization (Phase 21)
  Global Optimization (Phase 22)
  Global Optimization (Phase 23)
  Global Optimization (Phase 24)
  Global Optimization (Phase 25)
  Global Optimization (Phase 26)
  Global Optimization (Phase 27)
  Global Optimization (Phase 28)
  Global Optimization (Phase 29)
  Global Optimization (Phase 30)

  Beginning Isolate Ports
  -----------------------

  Beginning Delay Optimization
  ----------------------------
    0:05:53  538649.9      0.00       0.0   52261.4                           1688085.1250      0.00  
    0:05:53  538649.9      0.00       0.0   52261.4                           1688085.1250      0.00  
    0:05:53  538649.9      0.00       0.0   52261.4                           1688085.1250      0.00  
    0:05:53  538649.9      0.00       0.0   52261.4                           1688085.1250      0.00  
    0:05:58  538649.9      0.00       0.0   52261.4                           1688085.1250      0.00  
    0:06:00  538649.9      0.00       0.0   52261.4                           1688085.1250      0.00  

  Beginning WLM Backend Optimization
  --------------------------------------
    0:06:18  536484.4      0.00       0.0   51863.9                           1678079.5000      0.00  
    0:06:18  536484.4      0.00       0.0   51863.9                           1678079.5000      0.00  
    0:06:18  536484.4      0.00       0.0   51863.9                           1678079.5000      0.00  
    0:06:21  536484.4      0.00       0.0   51863.9                           1678079.5000      0.00  
    0:06:21  536484.4      0.00       0.0   51863.9                           1678079.5000      0.00  
    0:06:21  536484.4      0.00       0.0   51863.9                           1678079.5000      0.00  
    0:06:21  536484.4      0.00       0.0   51863.9                           1678079.5000      0.00  
    0:06:21  536484.4      0.00       0.0   51863.9                           1678079.5000      0.00  
    0:06:21  536484.4      0.00       0.0   51863.9                           1678079.5000      0.00  
    0:06:21  536484.4      0.00       0.0   51863.9                           1678079.5000      0.00  
    0:06:21  536484.4      0.00       0.0   51863.9                           1678079.5000      0.00  
    0:06:21  536484.4      0.00       0.0   51863.9                           1678079.5000      0.00  
    0:06:21  536484.4      0.00       0.0   51863.9                           1678079.5000      0.00  
    0:06:21  536484.4      0.00       0.0   51863.9                           1678079.5000      0.00  
    0:06:21  536484.4      0.00       0.0   51863.9                           1678079.5000      0.00  
    0:06:21  536484.4      0.00       0.0   51863.9                           1678079.5000      0.00  
    0:06:21  536484.4      0.00       0.0   51863.9                           1678079.5000      0.00  
    0:06:21  536484.4      0.00       0.0   51863.9                           1678079.5000      0.00  
    0:06:21  536484.4      0.00       0.0   51863.9                           1678079.5000      0.00  
    0:06:21  536484.4      0.00       0.0   51863.9                           1678079.5000      0.00  
    0:06:21  536484.4      0.00       0.0   51863.9                           1678079.5000      0.00  
    0:06:21  536484.4      0.00       0.0   51863.9                           1678079.5000      0.00  


  Beginning Design Rule Fixing  (max_transition)  (max_capacitance)
  ----------------------------

                                  TOTAL                                                            
   ELAPSED            WORST NEG   SETUP    DESIGN                              LEAKAGE   MIN DELAY 
    TIME      AREA      SLACK     COST    RULE COST         ENDPOINT            POWER      COST    
  --------- --------- --------- --------- --------- ------------------------- --------- -----------
    0:06:21  536484.4      0.00       0.0   51863.9                           1678079.5000      0.00  
  Global Optimization (Phase 31)
  Global Optimization (Phase 32)
  Global Optimization (Phase 33)
    0:06:24  537493.7      0.00       0.0   25457.5                           1683698.5000      0.00  
    0:06:24  537493.7      0.00       0.0   25457.5                           1683698.5000      0.00  


  Beginning Leakage Power Optimization  (max_leakage_power 0)
  ------------------------------------

                                  TOTAL                                                            
   ELAPSED            WORST NEG   SETUP    DESIGN                              LEAKAGE   MIN DELAY 
    TIME      AREA      SLACK     COST    RULE COST         ENDPOINT            POWER      COST    
  --------- --------- --------- --------- --------- ------------------------- --------- -----------
    0:06:24  537493.7      0.00       0.0   25457.5                           1683698.5000      0.00  
    0:06:24  541518.5      0.00       0.0   25457.5                           1702691.0000      0.00  
    0:06:24  541518.5      0.00       0.0   25457.5                           1702691.0000      0.00  
    0:06:24  541518.5      0.00       0.0   25457.5                           1702691.0000      0.00  
    0:06:37  539184.2      0.00       0.0   25457.4                           1688336.2500      0.00  
    0:06:37  539184.2      0.00       0.0   25457.4                           1688336.2500      0.00  
    0:06:37  539184.2      0.00       0.0   25457.4                           1688336.2500      0.00  
    0:06:37  539184.2      0.00       0.0   25457.4                           1688336.2500      0.00  
    0:06:37  539184.2      0.00       0.0   25457.4                           1688336.2500      0.00  
    0:06:37  539184.2      0.00       0.0   25457.4                           1688336.2500      0.00  
    0:06:37  539184.2      0.00       0.0   25457.4                           1688336.2500      0.00  
    0:06:37  539184.2      0.00       0.0   25457.4                           1688336.2500      0.00  
    0:06:37  539184.2      0.00       0.0   25457.4                           1688336.2500      0.00  
    0:06:37  539184.2      0.00       0.0   25457.4                           1688336.2500      0.00  
    0:06:37  539184.2      0.00       0.0   25457.4                           1688336.2500      0.00  
    0:06:37  539184.2      0.00       0.0   25457.4                           1688336.2500      0.00  
    0:06:37  539184.2      0.00       0.0   25457.4                           1688336.2500      0.00  
    0:06:37  539184.2      0.00       0.0   25457.4                           1688336.2500      0.00  
    0:06:37  539184.2      0.00       0.0   25457.4                           1688336.2500      0.00  
    0:06:37  539184.2      0.00       0.0   25457.4                           1688336.2500      0.00  
    0:06:37  539184.2      0.00       0.0   25457.4                           1688336.2500      0.00  
    0:06:37  539184.2      0.00       0.0   25457.4                           1688336.2500      0.00  
    0:06:37  539184.2      0.00       0.0   25457.4                           1688336.2500      0.00  

                                  TOTAL                                                            
   ELAPSED            WORST NEG   SETUP    DESIGN                              LEAKAGE   MIN DELAY 
    TIME      AREA      SLACK     COST    RULE COST         ENDPOINT            POWER      COST    
  --------- --------- --------- --------- --------- ------------------------- --------- -----------
    0:06:39  539184.2      0.00       0.0   25457.4                           1688336.2500      0.00  
    0:06:43  538184.3      0.00       0.0   25457.5                           1683532.2500      0.00  
    0:06:44  538184.3      0.00       0.0   25457.5                           1683532.2500      0.00  
    0:06:44  538184.3      0.00       0.0   25457.5                           1683532.2500      0.00  
    0:06:50  538124.9      0.00       0.0   25457.6                           1683136.5000      0.00  
    0:07:00  535922.0      0.00       0.0   25457.5                           1673196.0000      0.00  
    0:07:00  535922.0      0.00       0.0   25457.5                           1673196.0000      0.00  
    0:07:00  535922.0      0.00       0.0   25457.5                           1673196.0000      0.00  
    0:07:00  535922.0      0.00       0.0   25457.5                           1673196.0000      0.00  
    0:07:00  535922.0      0.00       0.0   25457.5                           1673196.0000      0.00  
    0:07:00  535922.0      0.00       0.0   25457.5                           1673196.0000      0.00  
    0:07:07  535825.1      0.00       0.0   25592.3                           1672738.8750      0.00  
Loading db file '/home/raid7_2/user11/r1921084/ICD/final/02_SYN/fsa0m_a_generic_core_tt1p8v25c.db'
Loading db file '/home/raid7_2/user11/r1921084/ICD/final/02_SYN/fsa0m_a_generic_core_ss1p62v125c.db'
Loading db file '/home/raid7_2/user11/r1921084/ICD/final/02_SYN/fsa0m_a_generic_core_ff1p98vm40c.db'
Loading db file '/home/raid7_2/user11/r1921084/ICD/final/02_SYN/fsa0m_a_t33_generic_io_tt1p8v25c.db'
Loading db file '/home/raid7_2/user11/r1921084/ICD/final/02_SYN/fsa0m_a_t33_generic_io_ss1p62v125c.db'
Loading db file '/home/raid7_2/user11/r1921084/ICD/final/02_SYN/fsa0m_a_t33_generic_io_ff1p98vm40c.db'


Note: Symbol # after min delay cost means estimated hold TNS across all active scenarios 


  Optimization Complete
  ---------------------
Warning: Design 'core' contains 1 high-fanout nets. A fanout number of 1000 will be used for delay calculations involving these nets. (TIM-134)
     Net 'i_clk': 1675 load(s), 1 driver(s)
  Loading target library 'fsa0m_a_generic_core_ss1p62v125c'
  Loading target library 'fsa0m_a_generic_core_ff1p98vm40c'
  Loading target library 'fsa0m_a_t33_generic_io_tt1p8v25c'
  Loading target library 'fsa0m_a_t33_generic_io_ss1p62v125c'
  Loading target library 'fsa0m_a_t33_generic_io_ff1p98vm40c'
Information: State dependent leakage is now switched from off to on.
Information: Propagating switching activity (low effort zero delay simulation). (PWR-6)
1
# Analyze and debug the design
report_area > area_core.out
report_power > power_core.out
report_timing -path full -delay max > timing_core.out
#write -format db -hierarchy -output $active_design.db
write -format verilog -hierarchy -output core_syn.v
Writing verilog file '/home/raid7_2/user11/r1921084/ICD/final/02_SYN/core_syn.v'.
Warning: Verilog writer has added 4 nets to module core using SYNOPSYS_UNCONNECTED_ as prefix.  Please use the change_names command to make the correct changes before invoking the verilog writer.  (VO-11)
1
write_sdf -version 2.1 -context verilog core.sdf
Information: Annotated 'cell' delays are assumed to include load delay. (UID-282)
Information: Writing timing information to file '/home/raid7_2/user11/r1921084/ICD/final/02_SYN/core.sdf'. (WT-3)
Information: Updating design information... (UID-85)
Warning: Design 'core' contains 1 high-fanout nets. A fanout number of 1000 will be used for delay calculations involving these nets. (TIM-134)
1
write_sdc core.sdc
1
exit

Memory usage for this session 510 Mbytes.
Memory usage for this session including child processes 602 Mbytes.
CPU usage for this session 439 seconds ( 0.12 hours ).
Elapsed time for this session 458 seconds ( 0.13 hours ).

Thank you...
