 
****************************************
Report : timing
        -path full
        -delay max
        -max_paths 1
Design : core
Version: U-2022.12
Date   : Wed May  1 22:48:19 2024
****************************************

 # A fanout number of 1000 was used for high fanout net computations.

Operating Conditions: WCCOM   Library: fsa0m_a_generic_core_ss1p62v125c
Wire Load Model Mode: enclosed

  Startpoint: y_axis_reg[0]
              (rising edge-triggered flip-flop clocked by i_clk)
  Endpoint: data_o_r_reg[3]
            (rising edge-triggered flip-flop clocked by i_clk)
  Path Group: i_clk
  Path Type: max

  Des/Clust/Port     Wire Load Model       Library
  ------------------------------------------------
  core               G200K                 fsa0m_a_generic_core_tt1p8v25c
  pe_3               enG10K                fsa0m_a_generic_core_tt1p8v25c

  Point                                    Incr       Path
  -----------------------------------------------------------
  clock i_clk (rise edge)                  0.00       0.00
  clock network delay (ideal)              0.50       0.50
  y_axis_reg[0]/CK (QDFFRBN)               0.00 #     0.50 r
  y_axis_reg[0]/Q (QDFFRBN)                1.04       1.54 r
  U9928/O (INV1S)                          0.73       2.27 f
  U9945/O (ND2)                            0.55       2.82 r
  U9757/O (INV3CK)                         1.62       4.44 f
  U11509/O (ND2)                           1.51       5.95 r
  U9788/O (BUF2)                           0.79       6.74 r
  U11613/O (INV1S)                         1.00       7.74 f
  U16203/O (AOI22S)                        0.37       8.11 r
  U16205/O (ND3)                           0.11       8.22 f
  U16206/O (AO112)                         0.59       8.82 f
  PE_U1/pe_image[137] (pe_3)               0.00       8.82 f
  PE_U1/U780/O (MOAI1S)                    0.62       9.44 r
  PE_U1/U1089/O (INV1S)                    0.66      10.10 f
  PE_U1/U1091/O (NR2)                      0.83      10.93 r
  PE_U1/U1927/O (AOI22S)                   0.13      11.06 f
  PE_U1/U2164/CO (FA1S)                    0.49      11.55 f
  PE_U1/U1935/CO (FA1S)                    0.47      12.02 f
  PE_U1/intadd_70/U2/S (FA1S)              0.58      12.60 r
  PE_U1/intadd_69/U2/S (FA1S)              0.45      13.05 f
  PE_U1/U2250/CO (FA1S)                    0.42      13.46 f
  PE_U1/U2151/O (INV1S)                    0.13      13.59 r
  PE_U1/intadd_7/U5/S (FA1S)               0.40      13.99 f
  PE_U1/U2211/O (INV1S)                    0.12      14.12 r
  PE_U1/intadd_14/U3/S (FA1S)              0.44      14.56 f
  PE_U1/intadd_20/U2/S (FA1S)              0.53      15.09 r
  PE_U1/U2251/O (INV1S)                    0.11      15.20 f
  PE_U1/intadd_2/U14/CO (FA1S)             0.41      15.61 f
  PE_U1/intadd_2/U13/CO (FA1S)             0.40      16.02 f
  PE_U1/intadd_2/U12/CO (FA1S)             0.40      16.42 f
  PE_U1/intadd_2/U11/CO (FA1S)             0.40      16.82 f
  PE_U1/intadd_2/U10/CO (FA1S)             0.40      17.23 f
  PE_U1/intadd_2/U9/CO (FA1S)              0.40      17.63 f
  PE_U1/intadd_2/U8/S (FA1S)               0.76      18.39 r
  PE_U1/pe_result[12] (pe_3)               0.00      18.39 r
  U15863/O (MOAI1S)                        0.22      18.61 f
  U15864/O (MOAI1S)                        0.36      18.97 f
  U15865/O (MOAI1S)                        0.79      19.76 r
  U15873/O (MOAI1S)                        0.22      19.98 f
  intadd_1/U9/CO (FA1S)                    0.52      20.49 f
  intadd_1/U8/S (FA1S)                     0.52      21.02 r
  U11455/O (INV1S)                         0.21      21.23 f
  U11482/CO (FA1S)                         0.47      21.70 f
  U11483/CO (FA1S)                         0.41      22.12 f
  U11484/CO (FA1S)                         0.41      22.53 f
  U11485/CO (FA1S)                         0.41      22.95 f
  U11486/CO (FA1S)                         0.41      23.36 f
  U11487/CO (FA1S)                         0.41      23.77 f
  U11488/CO (FA1S)                         0.41      24.19 f
  U11489/O (MAO222)                        0.29      24.47 f
  U11490/O (OR2)                           0.19      24.66 f
  U11491/O (MOAI1)                         0.65      25.32 r
  U11492/O (INV1S)                         0.50      25.82 f
  U11493/O (NR2)                           0.88      26.71 r
  U11495/O (INV1S)                         0.57      27.28 f
  U11496/O (ND2S)                          0.56      27.84 r
  U11497/O (INV1S)                         0.19      28.03 f
  U16363/O (AOI22S)                        0.27      28.30 r
  U16364/O (OAI112HS)                      0.14      28.44 f
  data_o_r_reg[3]/D (QDFFRBN)              0.00      28.44 f
  data arrival time                                  28.44

  clock i_clk (rise edge)                 40.00      40.00
  clock network delay (ideal)              0.50      40.50
  clock uncertainty                       -0.10      40.40
  data_o_r_reg[3]/CK (QDFFRBN)             0.00      40.40 r
  library setup time                      -0.08      40.32
  data required time                                 40.32
  -----------------------------------------------------------
  data required time                                 40.32
  data arrival time                                 -28.44
  -----------------------------------------------------------
  slack (MET)                                        11.88


1
